{"numTotalTestSuites":6,"numPassedTestSuites":6,"numFailedTestSuites":0,"numPendingTestSuites":0,"numTotalTests":7,"numPassedTests":7,"numFailedTests":0,"numPendingTests":0,"numTodoTests":0,"snapshot":{"added":0,"failure":false,"filesAdded":0,"filesRemoved":0,"filesRemovedList":[],"filesUnmatched":0,"filesUpdated":0,"matched":0,"total":0,"unchecked":0,"uncheckedKeysByFile":[],"unmatched":0,"updated":0,"didUpdate":false},"startTime":1724700774794,"success":true,"testResults":[{"assertionResults":[{"ancestorTitles":[],"fullName":"value works","status":"passed","title":"value works","duration":3,"failureMessages":[],"meta":{}}],"startTime":1724700778584,"endTime":1724700778587,"status":"passed","message":"","name":"/home/kosuha/code/mind-map-creator/src/modules/system/guest/Cache.test.ts"},{"assertionResults":[{"ancestorTitles":[],"fullName":"chain guest returns 2 values after result guest","status":"passed","title":"chain guest returns 2 values after result guest","duration":3,"failureMessages":[],"meta":{}},{"ancestorTitles":[],"fullName":"chain guest returns 2 values before result guest","status":"passed","title":"chain guest returns 2 values before result guest","duration":1,"failureMessages":[],"meta":{}}],"startTime":1724700776412,"endTime":1724700776416,"status":"passed","message":"","name":"/home/kosuha/code/mind-map-creator/src/modules/system/guest/GuestChain.test.ts"},{"assertionResults":[{"ancestorTitles":[],"fullName":"patron always guest","status":"passed","title":"patron always guest","duration":5,"failureMessages":[],"meta":{}}],"startTime":1724700777491,"endTime":1724700777496,"status":"passed","message":"","name":"/home/kosuha/code/mind-map-creator/src/modules/system/guest/Patron.test.ts"},{"assertionResults":[{"ancestorTitles":[],"fullName":"patron pool","status":"passed","title":"patron pool","duration":3,"failureMessages":[],"meta":{}}],"startTime":1724700777459,"endTime":1724700777462,"status":"passed","message":"","name":"/home/kosuha/code/mind-map-creator/src/modules/system/guest/PatronPool.test.ts"},{"assertionResults":[{"ancestorTitles":[],"fullName":"patron pool with guests","status":"passed","title":"patron pool with guests","duration":5,"failureMessages":[],"meta":{}}],"startTime":1724700776361,"endTime":1724700776366,"status":"passed","message":"","name":"/home/kosuha/code/mind-map-creator/src/modules/system/guest/PatronPoolWithGuests.test.ts"},{"assertionResults":[{"ancestorTitles":[],"fullName":"guest dynamic","status":"passed","title":"guest dynamic","duration":11,"failureMessages":[],"meta":{}}],"startTime":1724700778652,"endTime":1724700778663,"status":"passed","message":"","name":"/home/kosuha/code/mind-map-creator/src/modules/system/guest/Visitant.test.ts"}]}