{"numTotalTestSuites":21,"numPassedTestSuites":21,"numFailedTestSuites":0,"numPendingTestSuites":0,"numTotalTests":25,"numPassedTests":25,"numFailedTests":0,"numPendingTests":0,"numTodoTests":0,"snapshot":{"added":0,"failure":false,"filesAdded":0,"filesRemoved":0,"filesRemovedList":[],"filesUnmatched":0,"filesUpdated":0,"matched":0,"total":0,"unchecked":0,"uncheckedKeysByFile":[],"unmatched":0,"updated":0,"didUpdate":false},"startTime":1725951602079,"success":true,"testResults":[{"assertionResults":[{"ancestorTitles":[],"fullName":"map current","status":"passed","title":"map current","duration":4,"failureMessages":[],"meta":{}}],"startTime":1725951606130,"endTime":1725951606134,"status":"passed","message":"","name":"/home/kosuha/code/mind-map-creator/src/modules/application/map/MapCurrent.test.ts"},{"assertionResults":[{"ancestorTitles":[],"fullName":"map file of content","status":"passed","title":"map file of content","duration":1,"failureMessages":[],"meta":{}}],"startTime":1725951614868,"endTime":1725951614869,"status":"passed","message":"","name":"/home/kosuha/code/mind-map-creator/src/modules/application/mapFile/MapFileOfContent.test.ts"},{"assertionResults":[{"ancestorTitles":[],"fullName":"map file content fs","status":"passed","title":"map file content fs","duration":4,"failureMessages":[],"meta":{}}],"startTime":1725951605007,"endTime":1725951605011,"status":"passed","message":"","name":"/home/kosuha/code/mind-map-creator/src/modules/application/mapFileContent/MapFileContentFS.test.ts"},{"assertionResults":[{"ancestorTitles":[],"fullName":"visible object","status":"passed","title":"visible object","duration":59,"failureMessages":[],"meta":{}}],"startTime":1725951603820,"endTime":1725951603879,"status":"passed","message":"","name":"/home/kosuha/code/mind-map-creator/src/modules/application/mapObject/MapObjectsVisible.test.ts"},{"assertionResults":[{"ancestorTitles":[],"fullName":"map settings guest","status":"passed","title":"map settings guest","duration":3,"failureMessages":[],"meta":{}}],"startTime":1725951607242,"endTime":1725951607245,"status":"passed","message":"","name":"/home/kosuha/code/mind-map-creator/src/modules/application/mapSettings/MapSettingsGuest.test.ts"},{"assertionResults":[{"ancestorTitles":[],"fullName":"mini map","status":"passed","title":"mini map","duration":50,"failureMessages":[],"meta":{}}],"startTime":1725951603819,"endTime":1725951603869,"status":"passed","message":"","name":"/home/kosuha/code/mind-map-creator/src/modules/application/miniMap/MiniMap.test.ts"},{"assertionResults":[{"ancestorTitles":[],"fullName":"notification","status":"passed","title":"notification","duration":4,"failureMessages":[],"meta":{}}],"startTime":1725951610551,"endTime":1725951610555,"status":"passed","message":"","name":"/home/kosuha/code/mind-map-creator/src/modules/application/notification/Notification.test.ts"},{"assertionResults":[{"ancestorTitles":[],"fullName":"konva layer","status":"passed","title":"konva layer","duration":30,"failureMessages":[],"meta":{}}],"startTime":1725951607342,"endTime":1725951607372,"status":"passed","message":"","name":"/home/kosuha/code/mind-map-creator/src/modules/integration/konva/KonvaLayer.test.ts"},{"assertionResults":[{"ancestorTitles":[],"fullName":"vue ref patron","status":"passed","title":"vue ref patron","duration":3,"failureMessages":[],"meta":{}}],"startTime":1725951613109,"endTime":1725951613112,"status":"passed","message":"","name":"/home/kosuha/code/mind-map-creator/src/modules/integration/vue/VueRefPatron.test.ts"},{"assertionResults":[{"ancestorTitles":[],"fullName":"vue ref duplex","status":"passed","title":"vue ref duplex","duration":5,"failureMessages":[],"meta":{}}],"startTime":1725951609707,"endTime":1725951609712,"status":"passed","message":"","name":"/home/kosuha/code/mind-map-creator/src/modules/integration/vue/VueRefPatronDuplex.test.ts"},{"assertionResults":[{"ancestorTitles":[],"fullName":"value works","status":"passed","title":"value works","duration":4,"failureMessages":[],"meta":{}}],"startTime":1725951612795,"endTime":1725951612799,"status":"passed","message":"","name":"/home/kosuha/code/mind-map-creator/src/modules/system/guest/Cache.test.ts"},{"assertionResults":[{"ancestorTitles":[],"fullName":"chain guest returns 2 values after result guest","status":"passed","title":"chain guest returns 2 values after result guest","duration":3,"failureMessages":[],"meta":{}},{"ancestorTitles":[],"fullName":"chain guest returns 2 values before result guest","status":"passed","title":"chain guest returns 2 values before result guest","duration":0,"failureMessages":[],"meta":{}},{"ancestorTitles":[],"fullName":"chain with patron","status":"passed","title":"chain with patron","duration":1,"failureMessages":[],"meta":{}}],"startTime":1725951606108,"endTime":1725951606113,"status":"passed","message":"","name":"/home/kosuha/code/mind-map-creator/src/modules/system/guest/Chain.test.ts"},{"assertionResults":[{"ancestorTitles":[],"fullName":"factory","status":"passed","title":"factory","duration":2,"failureMessages":[],"meta":{}}],"startTime":1725951611903,"endTime":1725951611905,"status":"passed","message":"","name":"/home/kosuha/code/mind-map-creator/src/modules/system/guest/Factory.test.ts"},{"assertionResults":[{"ancestorTitles":[],"fullName":"guest dynamic","status":"passed","title":"guest dynamic","duration":3,"failureMessages":[],"meta":{}}],"startTime":1725951613926,"endTime":1725951613929,"status":"passed","message":"","name":"/home/kosuha/code/mind-map-creator/src/modules/system/guest/Guest.test.ts"},{"assertionResults":[{"ancestorTitles":[],"fullName":"test guest in the middle","status":"passed","title":"test guest in the middle","duration":2,"failureMessages":[],"meta":{}},{"ancestorTitles":[],"fullName":"test patron in the middle","status":"passed","title":"test patron in the middle","duration":1,"failureMessages":[],"meta":{}},{"ancestorTitles":[],"fullName":"test chain in the middle","status":"passed","title":"test chain in the middle","duration":1,"failureMessages":[],"meta":{}}],"startTime":1725951604961,"endTime":1725951604966,"status":"passed","message":"","name":"/home/kosuha/code/mind-map-creator/src/modules/system/guest/GuestInTheMiddle.test.ts"},{"assertionResults":[{"ancestorTitles":[],"fullName":"patron always guest","status":"passed","title":"patron always guest","duration":4,"failureMessages":[],"meta":{}}],"startTime":1725951611695,"endTime":1725951611699,"status":"passed","message":"","name":"/home/kosuha/code/mind-map-creator/src/modules/system/guest/Patron.test.ts"},{"assertionResults":[{"ancestorTitles":[],"fullName":"patron once","status":"passed","title":"patron once","duration":2,"failureMessages":[],"meta":{}}],"startTime":1725951614228,"endTime":1725951614230,"status":"passed","message":"","name":"/home/kosuha/code/mind-map-creator/src/modules/system/guest/PatronOnce.test.ts"},{"assertionResults":[{"ancestorTitles":[],"fullName":"patron pool","status":"passed","title":"patron pool","duration":3,"failureMessages":[],"meta":{}}],"startTime":1725951610791,"endTime":1725951610794,"status":"passed","message":"","name":"/home/kosuha/code/mind-map-creator/src/modules/system/guest/PatronPool.test.ts"},{"assertionResults":[{"ancestorTitles":[],"fullName":"patron pool with guests","status":"passed","title":"patron pool with guests","duration":4,"failureMessages":[],"meta":{}}],"startTime":1725951608462,"endTime":1725951608466,"status":"passed","message":"","name":"/home/kosuha/code/mind-map-creator/src/modules/system/guest/PatronPoolWithGuests.test.ts"},{"assertionResults":[{"ancestorTitles":[],"fullName":"browser canvas","status":"passed","title":"browser canvas","duration":22,"failureMessages":[],"meta":{}}],"startTime":1725951609460,"endTime":1725951609482,"status":"passed","message":"","name":"/home/kosuha/code/mind-map-creator/src/modules/integration/browser/canvas/BrowserCanvas.test.ts"},{"assertionResults":[{"ancestorTitles":[],"fullName":"browser launch queue","status":"passed","title":"browser launch queue","duration":4,"failureMessages":[],"meta":{}}],"startTime":1725951608333,"endTime":1725951608337,"status":"passed","message":"","name":"/home/kosuha/code/mind-map-creator/src/modules/integration/browser/launchQueue/BrowserLaunchQueue.test.ts"}]}